mode: set
webapp/cmd/web/db.go:20.42,23.16 2 0
webapp/cmd/web/db.go:23.16,25.3 1 0
webapp/cmd/web/db.go:27.2,28.16 2 0
webapp/cmd/web/db.go:28.16,30.3 1 0
webapp/cmd/web/db.go:32.2,32.16 1 0
webapp/cmd/web/db.go:35.56,37.16 2 0
webapp/cmd/web/db.go:37.16,39.3 1 0
webapp/cmd/web/db.go:41.2,43.24 2 0
webapp/cmd/web/form.go:10.43,12.26 2 0
webapp/cmd/web/form.go:12.26,14.3 1 0
webapp/cmd/web/form.go:15.2,15.22 1 0
webapp/cmd/web/form.go:18.44,20.2 1 1
webapp/cmd/web/form.go:27.37,32.2 1 1
webapp/cmd/web/form.go:34.41,37.2 2 1
webapp/cmd/web/form.go:39.39,41.13 2 1
webapp/cmd/web/form.go:41.13,43.3 1 1
webapp/cmd/web/form.go:44.2,44.13 1 1
webapp/cmd/web/form.go:47.43,48.31 1 1
webapp/cmd/web/form.go:48.31,50.37 2 1
webapp/cmd/web/form.go:50.37,52.4 1 1
webapp/cmd/web/form.go:56.57,57.9 1 1
webapp/cmd/web/form.go:57.9,59.3 1 1
webapp/cmd/web/form.go:60.2,60.11 1 1
webapp/cmd/web/form.go:63.29,65.2 1 1
webapp/cmd/web/handlers.go:22.83,26.52 2 1
webapp/cmd/web/handlers.go:26.52,28.3 1 1
webapp/cmd/web/handlers.go:28.8,31.3 2 1
webapp/cmd/web/handlers.go:33.2,35.62 2 1
webapp/cmd/web/handlers.go:38.73,40.2 1 0
webapp/cmd/web/handlers.go:42.84,44.16 2 1
webapp/cmd/web/handlers.go:44.16,48.3 3 0
webapp/cmd/web/handlers.go:51.2,54.19 3 1
webapp/cmd/web/handlers.go:54.19,59.3 3 1
webapp/cmd/web/handlers.go:61.2,65.16 4 1
webapp/cmd/web/handlers.go:65.16,69.3 3 1
webapp/cmd/web/handlers.go:71.2,71.48 1 1
webapp/cmd/web/handlers.go:71.48,75.3 3 0
webapp/cmd/web/handlers.go:78.2,83.72 4 1
webapp/cmd/web/handlers.go:87.94,88.72 1 1
webapp/cmd/web/handlers.go:88.72,90.3 1 0
webapp/cmd/web/handlers.go:91.2,92.13 2 1
webapp/cmd/web/handlers.go:96.47,99.16 2 1
webapp/cmd/web/handlers.go:99.16,102.3 2 1
webapp/cmd/web/handlers.go:104.2,112.16 7 1
webapp/cmd/web/handlers.go:112.16,115.3 2 0
webapp/cmd/web/handlers.go:117.2,117.12 1 1
webapp/cmd/web/main.go:21.13,32.16 6 0
webapp/cmd/web/main.go:32.16,34.3 1 0
webapp/cmd/web/main.go:36.2,44.16 6 0
webapp/cmd/web/main.go:44.16,46.3 1 0
webapp/cmd/web/middleware.go:14.67,16.2 1 1
webapp/cmd/web/middleware.go:18.72,19.71 1 1
webapp/cmd/web/middleware.go:19.71,22.17 3 1
webapp/cmd/web/middleware.go:22.17,24.20 2 1
webapp/cmd/web/middleware.go:24.20,26.5 1 1
webapp/cmd/web/middleware.go:27.4,27.60 1 1
webapp/cmd/web/middleware.go:28.9,30.4 1 1
webapp/cmd/web/middleware.go:31.3,31.40 1 1
webapp/cmd/web/middleware.go:36.62,37.71 1 1
webapp/cmd/web/middleware.go:37.71,38.47 1 1
webapp/cmd/web/middleware.go:38.47,42.4 3 1
webapp/cmd/web/middleware.go:43.3,43.23 1 1
webapp/cmd/web/middleware.go:47.45,49.16 2 1
webapp/cmd/web/middleware.go:49.16,51.3 1 1
webapp/cmd/web/middleware.go:52.2,53.19 2 1
webapp/cmd/web/middleware.go:53.19,55.3 1 1
webapp/cmd/web/middleware.go:57.2,58.22 2 1
webapp/cmd/web/middleware.go:58.22,60.3 1 1
webapp/cmd/web/middleware.go:62.2,62.16 1 1
webapp/cmd/web/routes.go:10.47,18.42 5 1
webapp/cmd/web/routes.go:18.42,21.3 2 1
webapp/cmd/web/routes.go:24.2,31.12 5 1
webapp/cmd/web/sessions.go:10.39,18.2 6 1
